<?xml version="1.0" encoding="UTF-8" ?>
<testsuite tests="17" failures="0" name="br.com.contmatic.empresa.ClienteTest" time="0.664" errors="0" skipped="0">
  <properties>
[...]
</properties>
  <testcase classname="br.com.contmatic.empresa.ClienteTest" name="deve_add_dinheiro_carteira" time="0.028"/>
  <testcase classname="br.com.contmatic.empresa.ClienteTest" name="deve_add_produto_na_lista_de_produtos_comprados" time="0.001"/>
  <testcase classname="br.com.contmatic.empresa.ClienteTest" name="deve_add_produto_no_carrinho" time="0.001"/>
  <testcase classname="br.com.contmatic.empresa.ClienteTest" name="deve_add_telefone_na_lista_telefones" time="0.001"/>
  <testcase classname="br.com.contmatic.empresa.ClienteTest" name="deve_alterar_dataNascimento" time="0.002"/>
  <testcase classname="br.com.contmatic.empresa.ClienteTest" name="deve_retornar_false_quando_compara_com_classe_diferente" time="0.001"/>
  <testcase classname="br.com.contmatic.empresa.ClienteTest" name="deve_retornar_true_caso_cpf_nao_seja_valido" time="0.511"/>
  <testcase classname="br.com.contmatic.empresa.ClienteTest" name="deve_retornar_true_caso_email_contenha_espaco_em_branco" time="0.035"/>
  <testcase classname="br.com.contmatic.empresa.ClienteTest" name="deve_retornar_true_no_equals_para_serem_iguais" time="0.002"/>
  <testcase classname="br.com.contmatic.empresa.ClienteTest" name="deve_retornar_true_quando_compara_com_mesmo_objeto" time="0.001"/>
  <testcase classname="br.com.contmatic.empresa.ClienteTest" name="deve_retornar_true_se_dataNascimento_for_null" time="0.029"/>
  <testcase classname="br.com.contmatic.empresa.ClienteTest" name="deve_ter_hashCode_iguais_para_serem_clientes_iguais" time="0.001"/>
  <testcase classname="br.com.contmatic.empresa.ClienteTest" name="nao_deve_aceitar_email_null" time="0.002"/>
  <testcase classname="br.com.contmatic.empresa.ClienteTest" name="nao_deve_aceitar_endereco_null" time="0.001"/>
  <testcase classname="br.com.contmatic.empresa.ClienteTest" name="nao_deve_aceitar_nome_com_espaco_em_branco" time="0.026"/>
  <testcase classname="br.com.contmatic.empresa.ClienteTest" name="nao_deve_aceitar_nome_vazio" time="0.021"/>
  <testcase classname="br.com.contmatic.empresa.ClienteTest" name="nao_deve_ter_equals_null_para_comparar_clientes" time="0.001"/>
</testsuite>