<?xml version="1.0" encoding="UTF-8" ?>
<testsuite tests="31" failures="0" name="br.com.contmatic.empresa.FuncionarioTest" time="0.02" errors="0" skipped="0">
  <properties>
[...]
</properties>
  <testcase classname="br.com.contmatic.empresa.FuncionarioTest" name="deve_existir_funcionario_para_demitir" time="0.006"/>
  <testcase classname="br.com.contmatic.empresa.FuncionarioTest" name="deve_ser_do_rh_e_nao_pode_ser_null_para_demitir" time="0"/>
  <testcase classname="br.com.contmatic.empresa.FuncionarioTest" name="deve_ser_do_rh_para_contratar" time="0"/>
  <testcase classname="br.com.contmatic.empresa.FuncionarioTest" name="deve_ser_do_rh_para_contratar_e_nao_deve_ter_loja_null_exception" time="0"/>
  <testcase classname="br.com.contmatic.empresa.FuncionarioTest" name="deve_ser_do_rh_para_contratar_e_nao_pode_ter_salario_negativo_exception" time="0"/>
  <testcase classname="br.com.contmatic.empresa.FuncionarioTest" name="deve_ser_do_rh_para_contratar_e_nao_pode_ter_salario_null_exception" time="0"/>
  <testcase classname="br.com.contmatic.empresa.FuncionarioTest" name="deve_ser_do_rh_para_contratar_e_nao_pode_ter_tipoContrato_null_exception" time="0.001"/>
  <testcase classname="br.com.contmatic.empresa.FuncionarioTest" name="deve_ser_do_rh_para_contratar_expection" time="0"/>
  <testcase classname="br.com.contmatic.empresa.FuncionarioTest" name="deve_ser_do_rh_para_demitir" time="0.001"/>
  <testcase classname="br.com.contmatic.empresa.FuncionarioTest" name="deve_ser_do_rh_para_demitir_3" time="0"/>
  <testcase classname="br.com.contmatic.empresa.FuncionarioTest" name="deve_ser_do_rh_para_demitir_e_deve_possuir_mesmo_dados_de_funcionario_cadastrado" time="0.001"/>
  <testcase classname="br.com.contmatic.empresa.FuncionarioTest" name="deve_ser_repositor_e_nao_deve_ter_produto_na_lista" time="0.001"/>
  <testcase classname="br.com.contmatic.empresa.FuncionarioTest" name="deve_ser_repositor_para_atualizar_estoque_produto" time="0.001"/>
  <testcase classname="br.com.contmatic.empresa.FuncionarioTest" name="deve_ser_repositor_para_atualizar_estoque_produto_e_condicao_deve_ser_3" time="0"/>
  <testcase classname="br.com.contmatic.empresa.FuncionarioTest" name="deve_ser_repositor_para_atualizar_estoque_produto_exception" time="0.001"/>
  <testcase classname="br.com.contmatic.empresa.FuncionarioTest" name="deve_ser_repositor_para_atualizar_nome_produto" time="0.001"/>
  <testcase classname="br.com.contmatic.empresa.FuncionarioTest" name="deve_ser_repositor_para_atualizar_nome_produto_e_condicao_deve_ser_1" time="0"/>
  <testcase classname="br.com.contmatic.empresa.FuncionarioTest" name="deve_ser_repositor_para_atualizar_nome_produto_exception" time="0"/>
  <testcase classname="br.com.contmatic.empresa.FuncionarioTest" name="deve_ser_repositor_para_atualizar_preco_produto" time="0.001"/>
  <testcase classname="br.com.contmatic.empresa.FuncionarioTest" name="deve_ser_repositor_para_atualizar_preco_produto_e_condicao_deve_ser_2" time="0"/>
  <testcase classname="br.com.contmatic.empresa.FuncionarioTest" name="deve_ser_repositor_para_atualizar_preco_produto_exception" time="0.001"/>
  <testcase classname="br.com.contmatic.empresa.FuncionarioTest" name="deve_ser_repositor_para_atualizar_tudo_produto" time="0"/>
  <testcase classname="br.com.contmatic.empresa.FuncionarioTest" name="deve_ser_repositor_para_atualizar_tudo_produto_e_condicao_deve_ser_4" time="0.001"/>
  <testcase classname="br.com.contmatic.empresa.FuncionarioTest" name="deve_ser_repositor_para_atualizar_tudo_produto_exception" time="0"/>
  <testcase classname="br.com.contmatic.empresa.FuncionarioTest" name="deve_ser_repositor_para_cadastrar_produto" time="0.002"/>
  <testcase classname="br.com.contmatic.empresa.FuncionarioTest" name="deve_ser_repositor_para_cadastrar_produto_1" time="0"/>
  <testcase classname="br.com.contmatic.empresa.FuncionarioTest" name="deve_ter_salario_maior_do_que_zero" time="0"/>
  <testcase classname="br.com.contmatic.empresa.FuncionarioTest" name="nao_deve_existir_funcionarios_iguais" time="0.001"/>
  <testcase classname="br.com.contmatic.empresa.FuncionarioTest" name="nao_deve_existir_funcionarios_iguais_2" time="0"/>
  <testcase classname="br.com.contmatic.empresa.FuncionarioTest" name="nao_deve_existir_funcionarios_iguais_3" time="0.001"/>
  <testcase classname="br.com.contmatic.empresa.FuncionarioTest" name="nao_deve_existir_na_loja_funcionario_para_contratar" time="0"/>
</testsuite>