<?xml version="1.0" encoding="UTF-8" ?>
<testsuite tests="35" failures="0" name="br.com.contmatic.empresa.ClienteTest" time="0.352" errors="0" skipped="0">
  <properties>
[...]
</properties>
  <testcase classname="br.com.contmatic.empresa.ClienteTest" name="deve_aceitar_cpf_valido" time="0.011"/>
  <testcase classname="br.com.contmatic.empresa.ClienteTest" name="deve_aceitar_email_valido" time="0.001"/>
  <testcase classname="br.com.contmatic.empresa.ClienteTest" name="deve_aceitar_nome_valido" time="0"/>
  <testcase classname="br.com.contmatic.empresa.ClienteTest" name="deve_apenas_aceitar_nome_com_mais_3_caracteres" time="0"/>
  <testcase classname="br.com.contmatic.empresa.ClienteTest" name="deve_apenas_aceitar_nome_com_menos_30_caracteres" time="0"/>
  <testcase classname="br.com.contmatic.empresa.ClienteTest" name="deve_retornar_true_no_equals_para_serem_iguais" time="0.333"/>
  <testcase classname="br.com.contmatic.empresa.ClienteTest" name="deve_settar_data_cadastro" time="0"/>
  <testcase classname="br.com.contmatic.empresa.ClienteTest" name="deve_settar_data_nascimento" time="0.001"/>
  <testcase classname="br.com.contmatic.empresa.ClienteTest" name="nao_deve_aceitar_cpf_com_espaco_em_branco" time="0"/>
  <testcase classname="br.com.contmatic.empresa.ClienteTest" name="nao_deve_aceitar_cpf_com_espaco_entre_numeros" time="0"/>
  <testcase classname="br.com.contmatic.empresa.ClienteTest" name="nao_deve_aceitar_cpf_com_letras" time="0.001"/>
  <testcase classname="br.com.contmatic.empresa.ClienteTest" name="nao_deve_aceitar_cpf_com_letras_e_numeros_juntos" time="0"/>
  <testcase classname="br.com.contmatic.empresa.ClienteTest" name="nao_deve_aceitar_cpf_com_mais_11_numeros" time="0"/>
  <testcase classname="br.com.contmatic.empresa.ClienteTest" name="nao_deve_aceitar_cpf_com_menos_11_numeros" time="0.001"/>
  <testcase classname="br.com.contmatic.empresa.ClienteTest" name="nao_deve_aceitar_cpf_null" time="0"/>
  <testcase classname="br.com.contmatic.empresa.ClienteTest" name="nao_deve_aceitar_cpf_vazio" time="0"/>
  <testcase classname="br.com.contmatic.empresa.ClienteTest" name="nao_deve_aceitar_data_cadastro_antes_de_1998" time="0.001"/>
  <testcase classname="br.com.contmatic.empresa.ClienteTest" name="nao_deve_aceitar_data_cadastro_depois_da_hora_atual" time="0"/>
  <testcase classname="br.com.contmatic.empresa.ClienteTest" name="nao_deve_aceitar_data_cadastro_null" time="0"/>
  <testcase classname="br.com.contmatic.empresa.ClienteTest" name="nao_deve_aceitar_data_de_nascimento_antes_de_1920" time="0"/>
  <testcase classname="br.com.contmatic.empresa.ClienteTest" name="nao_deve_aceitar_data_nascimento_depois_da_hora_atual" time="0"/>
  <testcase classname="br.com.contmatic.empresa.ClienteTest" name="nao_deve_aceitar_data_nascimento_null" time="0.001"/>
  <testcase classname="br.com.contmatic.empresa.ClienteTest" name="nao_deve_aceitar_email_com_caracteres_especiais" time="0"/>
  <testcase classname="br.com.contmatic.empresa.ClienteTest" name="nao_deve_aceitar_email_com_espaco_entre_palavras" time="0"/>
  <testcase classname="br.com.contmatic.empresa.ClienteTest" name="nao_deve_aceitar_email_null" time="0"/>
  <testcase classname="br.com.contmatic.empresa.ClienteTest" name="nao_deve_aceitar_email_sem_arroba" time="0.001"/>
  <testcase classname="br.com.contmatic.empresa.ClienteTest" name="nao_deve_aceitar_email_sem_ponto" time="0"/>
  <testcase classname="br.com.contmatic.empresa.ClienteTest" name="nao_deve_aceitar_email_vazio" time="0"/>
  <testcase classname="br.com.contmatic.empresa.ClienteTest" name="nao_deve_aceitar_email_vazio_empty" time="0"/>
  <testcase classname="br.com.contmatic.empresa.ClienteTest" name="nao_deve_aceitar_endereco_null" time="0"/>
  <testcase classname="br.com.contmatic.empresa.ClienteTest" name="nao_deve_aceitar_nome_com_caracteres_especiais" time="0.001"/>
  <testcase classname="br.com.contmatic.empresa.ClienteTest" name="nao_deve_aceitar_nome_com_numero" time="0"/>
  <testcase classname="br.com.contmatic.empresa.ClienteTest" name="nao_deve_aceitar_nome_empty" time="0"/>
  <testcase classname="br.com.contmatic.empresa.ClienteTest" name="nao_deve_aceitar_nome_null" time="0"/>
  <testcase classname="br.com.contmatic.empresa.ClienteTest" name="nao_deve_aceitar_nome_vazio" time="0"/>
</testsuite>