<?xml version="1.0" encoding="UTF-8" ?>
<testsuite tests="181" failures="0" name="br.com.contmatic.testeAllClasses.TestAllClasses" time="12.281" errors="0" skipped="0">
  <properties>
[...]
</properties>
  <testcase classname="br.com.contmatic.empresa.EmpresaTest" name="deve_add_cliente_na_empresa" time="0.1"/>
  <testcase classname="br.com.contmatic.empresa.EmpresaTest" name="deve_add_endereco_empresa" time="0.046"/>
  <testcase classname="br.com.contmatic.empresa.EmpresaTest" name="deve_add_funcionario_na_empresa" time="0"/>
  <testcase classname="br.com.contmatic.empresa.EmpresaTest" name="deve_add_produto_na_loja" time="0"/>
  <testcase classname="br.com.contmatic.empresa.EmpresaTest" name="deve_add_telefone_na_lista_telefones" time="0.001"/>
  <testcase classname="br.com.contmatic.empresa.EmpresaTest" name="deve_mudar_email_empresa" time="0"/>
  <testcase classname="br.com.contmatic.empresa.EmpresaTest" name="deve_mudar_nome_empresa" time="0.001"/>
  <testcase classname="br.com.contmatic.empresa.EmpresaTest" name="deve_retornar_true_caso_cliente_seja_null" time="0.013"/>
  <testcase classname="br.com.contmatic.empresa.EmpresaTest" name="deve_retornar_true_caso_contenha_a_palavra_clientes_no_toString" time="0.001"/>
  <testcase classname="br.com.contmatic.empresa.EmpresaTest" name="deve_retornar_true_caso_contenha_a_palavra_cnpj_no_toString" time="0"/>
  <testcase classname="br.com.contmatic.empresa.EmpresaTest" name="deve_retornar_true_caso_contenha_a_palavra_email_no_toString" time="0.004"/>
  <testcase classname="br.com.contmatic.empresa.EmpresaTest" name="deve_retornar_true_caso_contenha_a_palavra_enderecos_no_toString" time="0"/>
  <testcase classname="br.com.contmatic.empresa.EmpresaTest" name="deve_retornar_true_caso_contenha_a_palavra_funcionarios_no_toString" time="0.001"/>
  <testcase classname="br.com.contmatic.empresa.EmpresaTest" name="deve_retornar_true_caso_contenha_a_palavra_nome_no_toString" time="0"/>
  <testcase classname="br.com.contmatic.empresa.EmpresaTest" name="deve_retornar_true_caso_contenha_a_palavra_produtos_no_toString" time="0"/>
  <testcase classname="br.com.contmatic.empresa.EmpresaTest" name="deve_retornar_true_caso_contenha_a_palavra_telefones_no_toString" time="0.001"/>
  <testcase classname="br.com.contmatic.empresa.EmpresaTest" name="deve_retornar_true_caso_email_esteja_com_caracteres_especiais" time="0.074"/>
  <testcase classname="br.com.contmatic.empresa.EmpresaTest" name="deve_retornar_true_caso_email_esteja_com_espaco_em_branco" time="0.06"/>
  <testcase classname="br.com.contmatic.empresa.EmpresaTest" name="deve_retornar_true_caso_email_esteja_com_espaco_em_branco_entre_o_email" time="0.067"/>
  <testcase classname="br.com.contmatic.empresa.EmpresaTest" name="deve_retornar_true_caso_email_esteja_com_menos_10_caracteres" time="0.058"/>
  <testcase classname="br.com.contmatic.empresa.EmpresaTest" name="deve_retornar_true_caso_email_esteja_com_numero_depois_do_arroba" time="0.07"/>
  <testcase classname="br.com.contmatic.empresa.EmpresaTest" name="deve_retornar_true_caso_email_esteja_sem_ponto_com" time="0.066"/>
  <testcase classname="br.com.contmatic.empresa.EmpresaTest" name="deve_retornar_true_caso_email_seja_null" time="0.056"/>
  <testcase classname="br.com.contmatic.empresa.EmpresaTest" name="deve_retornar_true_caso_email_seja_vazio" time="0.063"/>
  <testcase classname="br.com.contmatic.empresa.EmpresaTest" name="deve_retornar_true_caso_funcionario_seja_null" time="0.007"/>
  <testcase classname="br.com.contmatic.empresa.EmpresaTest" name="deve_retornar_true_caso_nome_esteja_com_espaco_em_branco" time="0.066"/>
  <testcase classname="br.com.contmatic.empresa.EmpresaTest" name="deve_retornar_true_caso_nome_seja_possua_caracteres_especiais" time="0.07"/>
  <testcase classname="br.com.contmatic.empresa.EmpresaTest" name="deve_retornar_true_caso_nome_seja_possua_mais_50_caracter" time="0.07"/>
  <testcase classname="br.com.contmatic.empresa.EmpresaTest" name="deve_retornar_true_caso_nome_seja_possua_menos_3_caracter" time="0.062"/>
  <testcase classname="br.com.contmatic.empresa.EmpresaTest" name="deve_retornar_true_caso_nome_seja_vazio" time="0.053"/>
  <testcase classname="br.com.contmatic.empresa.EmpresaTest" name="deve_retornar_true_caso_tenham_mesmo_cnpj" time="0.12"/>
  <testcase classname="br.com.contmatic.empresa.EmpresaTest" name="nao_deve_aceitar_cnpj_null" time="0.067"/>
  <testcase classname="br.com.contmatic.empresa.EmpresaTest" name="nao_deve_aceitar_endereco_null" time="0"/>
  <testcase classname="br.com.contmatic.empresa.EmpresaTest" name="nao_deve_aceitar_produto_null" time="0"/>
  <testcase classname="br.com.contmatic.empresa.EmpresaTest" name="teste" time="0.058"/>
  <testcase classname="br.com.contmatic.empresa.FuncionarioTest" name="deve_add_telefone_na_lista_telefones" time="0.001"/>
  <testcase classname="br.com.contmatic.empresa.FuncionarioTest" name="deve_alterar_cargo_para_repositor" time="0"/>
  <testcase classname="br.com.contmatic.empresa.FuncionarioTest" name="deve_alterar_cargo_para_rh" time="0"/>
  <testcase classname="br.com.contmatic.empresa.FuncionarioTest" name="deve_alterar_email" time="0"/>
  <testcase classname="br.com.contmatic.empresa.FuncionarioTest" name="deve_alterar_tipoContrato_para_clt" time="0"/>
  <testcase classname="br.com.contmatic.empresa.FuncionarioTest" name="deve_alterar_tipoContrato_para_pj" time="0"/>
  <testcase classname="br.com.contmatic.empresa.FuncionarioTest" name="deve_mudar_endereco" time="0.089"/>
  <testcase classname="br.com.contmatic.empresa.FuncionarioTest" name="deve_mudar_nome_funcionario" time="0"/>
  <testcase classname="br.com.contmatic.empresa.FuncionarioTest" name="deve_retornar_true_caso_cpf_esteja_espaco_em_branco" time="0.089"/>
  <testcase classname="br.com.contmatic.empresa.FuncionarioTest" name="deve_retornar_true_caso_cpf_esteja_vazio" time="0.101"/>
  <testcase classname="br.com.contmatic.empresa.FuncionarioTest" name="deve_retornar_true_caso_cpf_seja_null" time="0.09"/>
  <testcase classname="br.com.contmatic.empresa.FuncionarioTest" name="deve_retornar_true_caso_cpf_seja_possua_caracteres_especiais" time="0.087"/>
  <testcase classname="br.com.contmatic.empresa.FuncionarioTest" name="deve_retornar_true_caso_email_esteja_com_caracteres_especiais" time="0.087"/>
  <testcase classname="br.com.contmatic.empresa.FuncionarioTest" name="deve_retornar_true_caso_email_esteja_com_espaco_em_branco" time="0.086"/>
  <testcase classname="br.com.contmatic.empresa.FuncionarioTest" name="deve_retornar_true_caso_email_esteja_com_espaco_em_branco_entre_o_email" time="0.085"/>
  <testcase classname="br.com.contmatic.empresa.FuncionarioTest" name="deve_retornar_true_caso_email_esteja_com_menos_10_caracteres" time="0.092"/>
  <testcase classname="br.com.contmatic.empresa.FuncionarioTest" name="deve_retornar_true_caso_email_esteja_sem_arroba" time="0.085"/>
  <testcase classname="br.com.contmatic.empresa.FuncionarioTest" name="deve_retornar_true_caso_email_esteja_sem_ponto_com" time="0.104"/>
  <testcase classname="br.com.contmatic.empresa.FuncionarioTest" name="deve_retornar_true_caso_email_seja_null" time="0.127"/>
  <testcase classname="br.com.contmatic.empresa.FuncionarioTest" name="deve_retornar_true_caso_email_seja_vazio" time="0.111"/>
  <testcase classname="br.com.contmatic.empresa.FuncionarioTest" name="deve_retornar_true_caso_endereco_seja_null" time="0.047"/>
  <testcase classname="br.com.contmatic.empresa.FuncionarioTest" name="deve_retornar_true_caso_nome_esteja_com_espaco_em_branco" time="0.089"/>
  <testcase classname="br.com.contmatic.empresa.FuncionarioTest" name="deve_retornar_true_caso_nome_seja_null" time="0.088"/>
  <testcase classname="br.com.contmatic.empresa.FuncionarioTest" name="deve_retornar_true_caso_nome_seja_possua_menos_3_caracter" time="0.09"/>
  <testcase classname="br.com.contmatic.empresa.FuncionarioTest" name="deve_retornar_true_caso_nome_seja_vazio" time="0.086"/>
  <testcase classname="br.com.contmatic.empresa.FuncionarioTest" name="deve_retornar_true_caso_salario_seja_menor_do_que_1000" time="0.094"/>
  <testcase classname="br.com.contmatic.empresa.FuncionarioTest" name="deve_retornar_true_caso_salario_seja_null" time="0.093"/>
  <testcase classname="br.com.contmatic.empresa.FuncionarioTest" name="deve_retornar_true_caso_telefone_seja_null" time="0.008"/>
  <testcase classname="br.com.contmatic.empresa.FuncionarioTest" name="deve_retornar_true_no_equals_para_serem_iguais" time="0.148"/>
  <testcase classname="br.com.contmatic.empresa.FuncionarioTest" name="deve_retornar_true_se_cargo_for_null" time="0.097"/>
  <testcase classname="br.com.contmatic.empresa.FuncionarioTest" name="deve_retornar_true_se_dataNascimento_for_null" time="0.089"/>
  <testcase classname="br.com.contmatic.empresa.FuncionarioTest" name="deve_retornar_true_se_tipoContrato_for_null" time="0.107"/>
  <testcase classname="br.com.contmatic.empresa.ClienteTest" name="deve_add_dinheiro_carteira" time="0"/>
  <testcase classname="br.com.contmatic.empresa.ClienteTest" name="deve_add_produto_na_lista_de_produtos_comprados" time="0"/>
  <testcase classname="br.com.contmatic.empresa.ClienteTest" name="deve_add_produto_no_carrinho" time="0.001"/>
  <testcase classname="br.com.contmatic.empresa.ClienteTest" name="deve_add_telefone_na_lista_telefones" time="0"/>
  <testcase classname="br.com.contmatic.empresa.ClienteTest" name="deve_retornar_true_caso_contenha_a_palavra_carrinhoProdutos_no_toString" time="0.001"/>
  <testcase classname="br.com.contmatic.empresa.ClienteTest" name="deve_retornar_true_caso_contenha_a_palavra_email_no_toString" time="0"/>
  <testcase classname="br.com.contmatic.empresa.ClienteTest" name="deve_retornar_true_caso_contenha_a_palavra_nome_no_toString" time="0.001"/>
  <testcase classname="br.com.contmatic.empresa.ClienteTest" name="deve_retornar_true_caso_contenha_a_palavra_telefones_no_toString" time="0"/>
  <testcase classname="br.com.contmatic.empresa.ClienteTest" name="deve_retornar_true_caso_cpf_esteja_com_caracteres_especiais" time="0.124"/>
  <testcase classname="br.com.contmatic.empresa.ClienteTest" name="deve_retornar_true_caso_cpf_esteja_com_espaco_em_branco" time="0.139"/>
  <testcase classname="br.com.contmatic.empresa.ClienteTest" name="deve_retornar_true_caso_cpf_esteja_null" time="0.11"/>
  <testcase classname="br.com.contmatic.empresa.ClienteTest" name="deve_retornar_true_caso_cpf_esteja_vazio" time="0.114"/>
  <testcase classname="br.com.contmatic.empresa.ClienteTest" name="deve_retornar_true_caso_dinheiro_carteira_seja_menor_do_que_zero" time="0.114"/>
  <testcase classname="br.com.contmatic.empresa.ClienteTest" name="deve_retornar_true_caso_dinheiro_carteira_seja_null" time="0.103"/>
  <testcase classname="br.com.contmatic.empresa.ClienteTest" name="deve_retornar_true_caso_email_contenha_espaco_em_branco" time="0.113"/>
  <testcase classname="br.com.contmatic.empresa.ClienteTest" name="deve_retornar_true_caso_email_esteja_com_caracteres_especiais" time="0.099"/>
  <testcase classname="br.com.contmatic.empresa.ClienteTest" name="deve_retornar_true_caso_email_esteja_com_espaco_em_branco_entre_o_email" time="0.111"/>
  <testcase classname="br.com.contmatic.empresa.ClienteTest" name="deve_retornar_true_caso_email_esteja_com_menos_10_caracteres" time="0.108"/>
  <testcase classname="br.com.contmatic.empresa.ClienteTest" name="deve_retornar_true_caso_email_esteja_com_numero_depois_do_arroba" time="0.103"/>
  <testcase classname="br.com.contmatic.empresa.ClienteTest" name="deve_retornar_true_caso_email_esteja_sem_arroba" time="0.101"/>
  <testcase classname="br.com.contmatic.empresa.ClienteTest" name="deve_retornar_true_caso_email_esteja_sem_ponto_com" time="0.098"/>
  <testcase classname="br.com.contmatic.empresa.ClienteTest" name="deve_retornar_true_caso_email_seja_null" time="0.11"/>
  <testcase classname="br.com.contmatic.empresa.ClienteTest" name="deve_retornar_true_caso_endereco_seja_null" time="0.06"/>
  <testcase classname="br.com.contmatic.empresa.ClienteTest" name="deve_retornar_true_caso_endereco_seja_vazio" time="0.139"/>
  <testcase classname="br.com.contmatic.empresa.ClienteTest" name="deve_retornar_true_caso_nome_esteja_vazio" time="0.166"/>
  <testcase classname="br.com.contmatic.empresa.ClienteTest" name="deve_retornar_true_caso_nome_seja_null" time="0.122"/>
  <testcase classname="br.com.contmatic.empresa.ClienteTest" name="deve_retornar_true_caso_nome_seja_possua_caracteres_especiais" time="0.101"/>
  <testcase classname="br.com.contmatic.empresa.ClienteTest" name="deve_retornar_true_caso_nome_seja_possua_menos_3_caracter" time="0.104"/>
  <testcase classname="br.com.contmatic.empresa.ClienteTest" name="deve_retornar_true_caso_nome_tenha_apenas_espacos_em_branco" time="0.112"/>
  <testcase classname="br.com.contmatic.empresa.ClienteTest" name="deve_retornar_true_no_equals_para_serem_iguais" time="0.192"/>
  <testcase classname="br.com.contmatic.empresa.ClienteTest" name="deve_retornar_true_se_dataNascimento_for_null" time="0.11"/>
  <testcase classname="br.com.contmatic.endereco.EnderecoTest" name="deve_retornar_true_caso_rua_esteja_vazia" time="0.092"/>
  <testcase classname="br.com.contmatic.endereco.EnderecoTest" name="deve_retornar_true_caso_estado_seja_null" time="0.095"/>
  <testcase classname="br.com.contmatic.endereco.EnderecoTest" name="nao_deve_aceitar_cidade_vazia" time="0.093"/>
  <testcase classname="br.com.contmatic.endereco.EnderecoTest" name="deve_retornar_true_caso_bairro_esteja_com_espaco_em_branco" time="0.108"/>
  <testcase classname="br.com.contmatic.endereco.EnderecoTest" name="nao_deve_aceitar_cep_null" time="0.091"/>
  <testcase classname="br.com.contmatic.endereco.EnderecoTest" name="deve_verificar_todos_os_campos_de_equals_hashcode" time="0.219"/>
  <testcase classname="br.com.contmatic.endereco.EnderecoTest" name="deve_retornar_true_caso_rua_seja_possua_mais_50_caracter" time="0.132"/>
  <testcase classname="br.com.contmatic.endereco.EnderecoTest" name="deve_retornar_true_caso_cidade_esteja_com_menos_de_3_caracteres" time="0.119"/>
  <testcase classname="br.com.contmatic.endereco.EnderecoTest" name="deve_retornar_true_caso_cidade_seja_possua_caracteres_especiais" time="0.126"/>
  <testcase classname="br.com.contmatic.endereco.EnderecoTest" name="deve_mudar_nome_estado" time="0.056"/>
  <testcase classname="br.com.contmatic.endereco.EnderecoTest" name="deve_retornar_true_caso_cidade_seja_possua_mais_50_caracter" time="0.128"/>
  <testcase classname="br.com.contmatic.endereco.EnderecoTest" name="deve_retornar_true_caso_estado_for_igual_getSigla_do_enum_estadoBrasil" time="0.049"/>
  <testcase classname="br.com.contmatic.endereco.EnderecoTest" name="deve_retornar_true_caso_rua_seja_possua_caracteres_especiais" time="0.086"/>
  <testcase classname="br.com.contmatic.endereco.EnderecoTest" name="nao_deve_aceitar_cep_vazio" time="0.088"/>
  <testcase classname="br.com.contmatic.endereco.EnderecoTest" name="deve_retornar_true_caso_rua_esteja_com_menos_de_5_caracteres" time="0.087"/>
  <testcase classname="br.com.contmatic.endereco.EnderecoTest" name="deve_retornar_true_caso_cep_contenha_tamanho_diferente_de_8" time="0.09"/>
  <testcase classname="br.com.contmatic.endereco.EnderecoTest" name="deve_retornar_true_caso_bairro_seja_possua_caracteres_especiais" time="0.123"/>
  <testcase classname="br.com.contmatic.endereco.EnderecoTest" name="deve_retornar_true_caso_bairro_seja_null" time="0.089"/>
  <testcase classname="br.com.contmatic.endereco.EnderecoTest" name="deve_retornar_true_caso_bairro_seja_possua_menos_3_caracter" time="0.086"/>
  <testcase classname="br.com.contmatic.endereco.EnderecoTest" name="deve_retornar_true_caso_estado_for_igual_getNome_do_enum_estadoBrasil" time="0.043"/>
  <testcase classname="br.com.contmatic.endereco.EnderecoTest" name="deve_retornar_true_caso_bairro_seja_possua_mais_50_caracter" time="0.091"/>
  <testcase classname="br.com.contmatic.endereco.EnderecoTest" name="deve_retornar_true_caso_cidade_seja_null" time="0.087"/>
  <testcase classname="br.com.contmatic.endereco.EnderecoTest" name="deve_retornar_false_caso_contenha_alguma_letra_no_cep" time="0.083"/>
  <testcase classname="br.com.contmatic.endereco.EnderecoTest" name="deve_retornar_true_caso_numeroEndereco_seja_menor_do_que_zero" time="0.095"/>
  <testcase classname="br.com.contmatic.endereco.EnderecoTest" name="nao_deve_aceitar_numero_em_nome_cidade" time="0.087"/>
  <testcase classname="br.com.contmatic.endereco.EnderecoTest" name="deve_retornar_true_caso_bairro_esteja_vazio" time="0.09"/>
  <testcase classname="br.com.contmatic.endereco.EnderecoTest" name="deve_retornar_true_caso_rua_esteja_com_espaco_em_branco" time="0.087"/>
  <testcase classname="br.com.contmatic.endereco.EnderecoTest" name="deve_retornar_true_caso_rua_seja_null" time="0.089"/>
  <testcase classname="br.com.contmatic.empresa.ProdutoTest" name="deve_retornar_true_caso_estoque_seja_menor_que_um" time="0.052"/>
  <testcase classname="br.com.contmatic.empresa.ProdutoTest" name="nao_deve_aceitar_nome_vazio" time="0.047"/>
  <testcase classname="br.com.contmatic.empresa.ProdutoTest" name="deve_retornar_true_caso_preco_seja_null" time="0.045"/>
  <testcase classname="br.com.contmatic.empresa.ProdutoTest" name="deve_retornar_true_estoque_seja_invalido" time="0.046"/>
  <testcase classname="br.com.contmatic.empresa.ProdutoTest" name="deve_retornar_true_estoque_seja_null" time="0.044"/>
  <testcase classname="br.com.contmatic.empresa.ProdutoTest" name="deve_retornar_true_caso_nome_seja_possua_menos_3_caracter" time="0.053"/>
  <testcase classname="br.com.contmatic.empresa.ProdutoTest" name="deve_aceitar_nome_com_espaco_em_branco" time="0.049"/>
  <testcase classname="br.com.contmatic.empresa.ProdutoTest" name="deve_retornar_false_caso_compare_com_um_valor_null" time="0.063"/>
  <testcase classname="br.com.contmatic.empresa.ProdutoTest" name="deve_retornar_true_caso_nome_seja_possua_caracteres_especiais" time="0.044"/>
  <testcase classname="br.com.contmatic.empresa.ProdutoTest" name="deve_armazenar_nome_null_e_armazenar_no_validationAnnotation" time="0.047"/>
  <testcase classname="br.com.contmatic.endereco.EnderecoTest" name="deve_retornar_true_caso_rua_esteja_vazia" time="0.095"/>
  <testcase classname="br.com.contmatic.endereco.EnderecoTest" name="deve_retornar_true_caso_estado_seja_null" time="0.093"/>
  <testcase classname="br.com.contmatic.endereco.EnderecoTest" name="nao_deve_aceitar_cidade_vazia" time="0.088"/>
  <testcase classname="br.com.contmatic.endereco.EnderecoTest" name="deve_retornar_true_caso_bairro_esteja_com_espaco_em_branco" time="0.093"/>
  <testcase classname="br.com.contmatic.endereco.EnderecoTest" name="nao_deve_aceitar_cep_null" time="0.088"/>
  <testcase classname="br.com.contmatic.endereco.EnderecoTest" name="deve_verificar_todos_os_campos_de_equals_hashcode" time="0.219"/>
  <testcase classname="br.com.contmatic.endereco.EnderecoTest" name="deve_retornar_true_caso_rua_seja_possua_mais_50_caracter" time="0.103"/>
  <testcase classname="br.com.contmatic.endereco.EnderecoTest" name="deve_retornar_true_caso_cidade_esteja_com_menos_de_3_caracteres" time="0.107"/>
  <testcase classname="br.com.contmatic.endereco.EnderecoTest" name="deve_retornar_true_caso_cidade_seja_possua_caracteres_especiais" time="0.105"/>
  <testcase classname="br.com.contmatic.endereco.EnderecoTest" name="deve_mudar_nome_estado" time="0.045"/>
  <testcase classname="br.com.contmatic.endereco.EnderecoTest" name="deve_retornar_true_caso_cidade_seja_possua_mais_50_caracter" time="0.101"/>
  <testcase classname="br.com.contmatic.endereco.EnderecoTest" name="deve_retornar_true_caso_estado_for_igual_getSigla_do_enum_estadoBrasil" time="0.046"/>
  <testcase classname="br.com.contmatic.endereco.EnderecoTest" name="deve_retornar_true_caso_rua_seja_possua_caracteres_especiais" time="0.097"/>
  <testcase classname="br.com.contmatic.endereco.EnderecoTest" name="nao_deve_aceitar_cep_vazio" time="0.091"/>
  <testcase classname="br.com.contmatic.endereco.EnderecoTest" name="deve_retornar_true_caso_rua_esteja_com_menos_de_5_caracteres" time="0.098"/>
  <testcase classname="br.com.contmatic.endereco.EnderecoTest" name="deve_retornar_true_caso_cep_contenha_tamanho_diferente_de_8" time="0.105"/>
  <testcase classname="br.com.contmatic.endereco.EnderecoTest" name="deve_retornar_true_caso_bairro_seja_possua_caracteres_especiais" time="0.096"/>
  <testcase classname="br.com.contmatic.endereco.EnderecoTest" name="deve_retornar_true_caso_bairro_seja_null" time="0.106"/>
  <testcase classname="br.com.contmatic.endereco.EnderecoTest" name="deve_retornar_true_caso_bairro_seja_possua_menos_3_caracter" time="0.105"/>
  <testcase classname="br.com.contmatic.endereco.EnderecoTest" name="deve_retornar_true_caso_estado_for_igual_getNome_do_enum_estadoBrasil" time="0.047"/>
  <testcase classname="br.com.contmatic.endereco.EnderecoTest" name="deve_retornar_true_caso_bairro_seja_possua_mais_50_caracter" time="0.094"/>
  <testcase classname="br.com.contmatic.endereco.EnderecoTest" name="deve_retornar_true_caso_cidade_seja_null" time="0.088"/>
  <testcase classname="br.com.contmatic.endereco.EnderecoTest" name="deve_retornar_false_caso_contenha_alguma_letra_no_cep" time="0.081"/>
  <testcase classname="br.com.contmatic.endereco.EnderecoTest" name="deve_retornar_true_caso_numeroEndereco_seja_menor_do_que_zero" time="0.094"/>
  <testcase classname="br.com.contmatic.endereco.EnderecoTest" name="nao_deve_aceitar_numero_em_nome_cidade" time="0.086"/>
  <testcase classname="br.com.contmatic.endereco.EnderecoTest" name="deve_retornar_true_caso_bairro_esteja_vazio" time="0.088"/>
  <testcase classname="br.com.contmatic.endereco.EnderecoTest" name="deve_retornar_true_caso_rua_esteja_com_espaco_em_branco" time="0.119"/>
  <testcase classname="br.com.contmatic.endereco.EnderecoTest" name="deve_retornar_true_caso_rua_seja_null" time="0.095"/>
  <testcase classname="br.com.contmatic.telefone.TelefoneTest" name="deve_retornar_true_caso_tipoTelefone_seja_movel" time="0"/>
  <testcase classname="br.com.contmatic.telefone.TelefoneTest" name="deve_retornar_true_caso_ddd_seja_null" time="0.024"/>
  <testcase classname="br.com.contmatic.telefone.TelefoneTest" name="deve_retornar_true_caso_contenha_a_palavra_tipoTelefone_no_toString" time="0"/>
  <testcase classname="br.com.contmatic.telefone.TelefoneTest" name="deve_retornar_true_caso_contenha_a_palavra_dddTelefone_no_toString" time="0"/>
  <testcase classname="br.com.contmatic.telefone.TelefoneTest" name="deve_retornar_true_caso_telefone_seja_null" time="0.022"/>
  <testcase classname="br.com.contmatic.telefone.TelefoneTest" name="deve_retornar_true_caso_telefone_tenha_apenas_espacos_em_branco" time="0.019"/>
  <testcase classname="br.com.contmatic.telefone.TelefoneTest" name="deve_retornar_true_caso_telefone_esteja_vazio" time="0.019"/>
  <testcase classname="br.com.contmatic.telefone.TelefoneTest" name="deve_retornar_false_caso_compare_com_null" time="0.051"/>
  <testcase classname="br.com.contmatic.telefone.TelefoneTest" name="deve_possuir_o_mesmo_ddd" time="0"/>
  <testcase classname="br.com.contmatic.telefone.TelefoneTest" name="deve_retornar_true_caso_tipoTelefone_esteja_null" time="0.02"/>
  <testcase classname="br.com.contmatic.telefone.TelefoneTest" name="deve_retornar_true_caso_tipoTelefone_seja_fixo" time="0"/>
  <testcase classname="br.com.contmatic.telefone.TelefoneTest" name="deve_retornar_true_caso_contenha_a_palavra_phone_no_toString" time="0"/>
  <testcase classname="br.com.contmatic.telefone.TelefoneTest" name="deve_retornar_true_caso_sigla_sejam_iguais" time="0"/>
  <testcase classname="br.com.contmatic.telefone.TelefoneTest" name="deve_retornar_true_caso_telefone_seja_valido" time="0.04"/>
  <testcase classname="br.com.contmatic.telefone.TelefoneTest" name="deve_retornar_true_caso_telefone_esteja_com_tamanho_invalido" time="0.018"/>
  <testcase classname="br.com.contmatic.telefone.TelefoneTest" name="deve_retornar_false_caso_sigla_seja_diferente" time="0.015"/>
  <testcase classname="br.com.contmatic.telefone.TelefoneTest" name="deve_retornar_false_caso_ddd_seja_diferente" time="0"/>
</testsuite>