<?xml version="1.0" encoding="UTF-8" ?>
<testsuite tests="28" failures="0" name="br.com.contmatic.endereco.EnderecoTest" time="3.298" errors="0" skipped="0">
  <properties>
[...]
</properties>
  <testcase classname="br.com.contmatic.endereco.EnderecoTest" name="deve_retornar_true_caso_rua_esteja_vazia" time="0.118"/>
  <testcase classname="br.com.contmatic.endereco.EnderecoTest" name="deve_retornar_true_caso_estado_seja_null" time="0.157"/>
  <testcase classname="br.com.contmatic.endereco.EnderecoTest" name="nao_deve_aceitar_cidade_vazia" time="0.108"/>
  <testcase classname="br.com.contmatic.endereco.EnderecoTest" name="deve_retornar_true_caso_bairro_esteja_com_espaco_em_branco" time="0.11"/>
  <testcase classname="br.com.contmatic.endereco.EnderecoTest" name="nao_deve_aceitar_cep_null" time="0.139"/>
  <testcase classname="br.com.contmatic.endereco.EnderecoTest" name="deve_verificar_todos_os_campos_de_equals_hashcode" time="0.348"/>
  <testcase classname="br.com.contmatic.endereco.EnderecoTest" name="deve_retornar_true_caso_rua_seja_possua_mais_50_caracter" time="0.099"/>
  <testcase classname="br.com.contmatic.endereco.EnderecoTest" name="deve_retornar_true_caso_cidade_esteja_com_menos_de_3_caracteres" time="0.097"/>
  <testcase classname="br.com.contmatic.endereco.EnderecoTest" name="deve_retornar_true_caso_cidade_seja_possua_caracteres_especiais" time="0.118"/>
  <testcase classname="br.com.contmatic.endereco.EnderecoTest" name="deve_mudar_nome_estado" time="0.051"/>
  <testcase classname="br.com.contmatic.endereco.EnderecoTest" name="deve_retornar_true_caso_cidade_seja_possua_mais_50_caracter" time="0.102"/>
  <testcase classname="br.com.contmatic.endereco.EnderecoTest" name="deve_retornar_true_caso_estado_for_igual_getSigla_do_enum_estadoBrasil" time="0.048"/>
  <testcase classname="br.com.contmatic.endereco.EnderecoTest" name="deve_retornar_true_caso_rua_seja_possua_caracteres_especiais" time="0.1"/>
  <testcase classname="br.com.contmatic.endereco.EnderecoTest" name="nao_deve_aceitar_cep_vazio" time="0.096"/>
  <testcase classname="br.com.contmatic.endereco.EnderecoTest" name="deve_retornar_true_caso_rua_esteja_com_menos_de_5_caracteres" time="0.143"/>
  <testcase classname="br.com.contmatic.endereco.EnderecoTest" name="deve_retornar_true_caso_cep_contenha_tamanho_diferente_de_8" time="0.157"/>
  <testcase classname="br.com.contmatic.endereco.EnderecoTest" name="deve_retornar_true_caso_bairro_seja_possua_caracteres_especiais" time="0.136"/>
  <testcase classname="br.com.contmatic.endereco.EnderecoTest" name="deve_retornar_true_caso_bairro_seja_null" time="0.101"/>
  <testcase classname="br.com.contmatic.endereco.EnderecoTest" name="deve_retornar_true_caso_bairro_seja_possua_menos_3_caracter" time="0.102"/>
  <testcase classname="br.com.contmatic.endereco.EnderecoTest" name="deve_retornar_true_caso_estado_for_igual_getNome_do_enum_estadoBrasil" time="0.042"/>
  <testcase classname="br.com.contmatic.endereco.EnderecoTest" name="deve_retornar_true_caso_bairro_seja_possua_mais_50_caracter" time="0.094"/>
  <testcase classname="br.com.contmatic.endereco.EnderecoTest" name="deve_retornar_true_caso_cidade_seja_null" time="0.156"/>
  <testcase classname="br.com.contmatic.endereco.EnderecoTest" name="deve_retornar_false_caso_contenha_alguma_letra_no_cep" time="0.091"/>
  <testcase classname="br.com.contmatic.endereco.EnderecoTest" name="deve_retornar_true_caso_numeroEndereco_seja_menor_do_que_zero" time="0.095"/>
  <testcase classname="br.com.contmatic.endereco.EnderecoTest" name="nao_deve_aceitar_numero_em_nome_cidade" time="0.09"/>
  <testcase classname="br.com.contmatic.endereco.EnderecoTest" name="deve_retornar_true_caso_bairro_esteja_vazio" time="0.1"/>
  <testcase classname="br.com.contmatic.endereco.EnderecoTest" name="deve_retornar_true_caso_rua_esteja_com_espaco_em_branco" time="0.112"/>
  <testcase classname="br.com.contmatic.endereco.EnderecoTest" name="deve_retornar_true_caso_rua_seja_null" time="0.188"/>
</testsuite>