<?xml version="1.0" encoding="UTF-8" ?>
<testsuite tests="17" failures="0" name="br.com.contmatic.telefone.TelefoneTest" time="0.402" errors="1" skipped="0">
  <properties>
[...]
</properties>
  <testcase classname="br.com.contmatic.telefone.TelefoneTest" name="deve_retornar_true_caso_tipoTelefone_seja_movel" time="0.001"/>
  <testcase classname="br.com.contmatic.telefone.TelefoneTest" name="deve_retornar_true_caso_ddd_seja_null" time="0.039"/>
  <testcase classname="br.com.contmatic.telefone.TelefoneTest" name="deve_retornar_true_caso_contenha_a_palavra_tipoTelefone_no_toString" time="0.001"/>
  <testcase classname="br.com.contmatic.telefone.TelefoneTest" name="deve_retornar_true_caso_contenha_a_palavra_dddTelefone_no_toString" time="0.001"/>
  <testcase classname="br.com.contmatic.telefone.TelefoneTest" name="deve_retornar_true_caso_telefone_seja_null" time="0.052"/>
  <testcase classname="br.com.contmatic.telefone.TelefoneTest" name="deve_retornar_true_caso_telefone_tenha_apenas_espacos_em_branco" time="0.032"/>
  <testcase classname="br.com.contmatic.telefone.TelefoneTest" name="deve_retornar_true_caso_telefone_esteja_vazio" time="0.03"/>
  <testcase classname="br.com.contmatic.telefone.TelefoneTest" name="deve_retornar_false_caso_compare_com_null" time="0.113"/>
  <testcase classname="br.com.contmatic.telefone.TelefoneTest" name="deve_possuir_o_mesmo_ddd" time="0.001"/>
  <testcase classname="br.com.contmatic.telefone.TelefoneTest" name="deve_retornar_true_caso_tipoTelefone_esteja_null" time="0.029"/>
  <testcase classname="br.com.contmatic.telefone.TelefoneTest" name="deve_retornar_true_caso_tipoTelefone_seja_fixo" time="0"/>
  <testcase classname="br.com.contmatic.telefone.TelefoneTest" name="deve_retornar_true_caso_contenha_a_palavra_phone_no_toString" time="0.001"/>
  <testcase classname="br.com.contmatic.telefone.TelefoneTest" name="deve_retornar_true_caso_sigla_sejam_iguais" time="0"/>
  <testcase classname="br.com.contmatic.telefone.TelefoneTest" name="deve_retornar_true_caso_telefone_seja_valido" time="0.05">
    <error message="bound must be positive" type="java.lang.IllegalArgumentException">java.lang.IllegalArgumentException: bound must be positive
	at java.util.Random.nextInt(Random.java:388)
	at br.com.contmatic.constantes.easyrandom.EasyRandomTelefone.dadosTelefoneValidos(EasyRandomTelefone.java:54)
	at br.com.contmatic.constantes.easyrandom.EasyRandomTelefone.validadorEasyRandomTelefone(EasyRandomTelefone.java:27)
	at br.com.contmatic.telefone.TelefoneTest.deve_retornar_true_caso_telefone_seja_valido(TelefoneTest.java:50)
	at sun.reflect.NativeMethodAccessorImpl.invoke0(Native Method)
	at sun.reflect.NativeMethodAccessorImpl.invoke(NativeMethodAccessorImpl.java:62)
	at sun.reflect.DelegatingMethodAccessorImpl.invoke(DelegatingMethodAccessorImpl.java:43)
	at java.lang.reflect.Method.invoke(Method.java:498)
	at org.junit.runners.model.FrameworkMethod$1.runReflectiveCall(FrameworkMethod.java:50)
	at org.junit.internal.runners.model.ReflectiveCallable.run(ReflectiveCallable.java:12)
	at org.junit.runners.model.FrameworkMethod.invokeExplosively(FrameworkMethod.java:47)
	at org.junit.internal.runners.statements.InvokeMethod.evaluate(InvokeMethod.java:17)
	at org.junit.runners.ParentRunner.runLeaf(ParentRunner.java:325)
	at org.junit.runners.BlockJUnit4ClassRunner.runChild(BlockJUnit4ClassRunner.java:78)
	at org.junit.runners.BlockJUnit4ClassRunner.runChild(BlockJUnit4ClassRunner.java:57)
	at org.junit.runners.ParentRunner$3.run(ParentRunner.java:290)
	at org.junit.runners.ParentRunner$1.schedule(ParentRunner.java:71)
	at org.junit.runners.ParentRunner.runChildren(ParentRunner.java:288)
	at org.junit.runners.ParentRunner.access$000(ParentRunner.java:58)
	at org.junit.runners.ParentRunner$2.evaluate(ParentRunner.java:268)
	at org.junit.internal.runners.statements.RunBefores.evaluate(RunBefores.java:26)
	at org.junit.internal.runners.statements.RunAfters.evaluate(RunAfters.java:27)
	at org.junit.runners.ParentRunner.run(ParentRunner.java:363)
	at org.apache.maven.surefire.junit4.JUnit4Provider.execute(JUnit4Provider.java:252)
	at org.apache.maven.surefire.junit4.JUnit4Provider.executeTestSet(JUnit4Provider.java:141)
	at org.apache.maven.surefire.junit4.JUnit4Provider.invoke(JUnit4Provider.java:112)
	at sun.reflect.NativeMethodAccessorImpl.invoke0(Native Method)
	at sun.reflect.NativeMethodAccessorImpl.invoke(NativeMethodAccessorImpl.java:62)
	at sun.reflect.DelegatingMethodAccessorImpl.invoke(DelegatingMethodAccessorImpl.java:43)
	at java.lang.reflect.Method.invoke(Method.java:498)
	at org.apache.maven.surefire.util.ReflectionUtils.invokeMethodWithArray(ReflectionUtils.java:189)
	at org.apache.maven.surefire.booter.ProviderFactory$ProviderProxy.invoke(ProviderFactory.java:165)
	at org.apache.maven.surefire.booter.ProviderFactory.invokeProvider(ProviderFactory.java:85)
	at org.apache.maven.surefire.booter.ForkedBooter.runSuitesInProcess(ForkedBooter.java:115)
	at org.apache.maven.surefire.booter.ForkedBooter.main(ForkedBooter.java:75)
</error>
    <system-out>Kavon
</system-out>
  </testcase>
  <testcase classname="br.com.contmatic.telefone.TelefoneTest" name="deve_retornar_true_caso_telefone_esteja_com_tamanho_invalido" time="0.029"/>
  <testcase classname="br.com.contmatic.telefone.TelefoneTest" name="deve_retornar_false_caso_sigla_seja_diferente" time="0.023"/>
  <testcase classname="br.com.contmatic.telefone.TelefoneTest" name="deve_retornar_false_caso_ddd_seja_diferente" time="0"/>
</testsuite>